<?xml version="1.0" encoding="UTF-8"?>
<testsuite name="lalamove"
           tests="8"
           failures="0"
           errors="0"
           skipped="0"
           time="20.359">
  <properties />
  
  
            <testcase name="checkRefresh" time="3.324" classname="com.shreyansh.IOSTests" />
                <testcase name="checkDeliveryTable" time="0.207" classname="com.shreyansh.IOSTests" />
                <testcase name="checkNavigationBar" time="0.191" classname="com.shreyansh.IOSTests" />
                <testcase name="clickFirstCell" time="2.418" classname="com.shreyansh.IOSTests" />
                <testcase name="checkApplication" time="0.366" classname="com.shreyansh.IOSTests" />
                <testcase name="checkTransitionOnClickingCell" time="8.028" classname="com.shreyansh.IOSTests" />
                <testcase name="checkScroll" time="3.396" classname="com.shreyansh.IOSTests" />
                <testcase name="countInitialDeliveries" time="2.429" classname="com.shreyansh.IOSTests" />
      
</testsuite>
